
 /----------------------------------------------------------------------------\
 |                                                                            |
 |  yosys -- Yosys Open SYnthesis Suite                                       |
 |                                                                            |
 |  Copyright (C) 2012 - 2020  Claire Xenia Wolf <claire@yosyshq.com>         |
 |                                                                            |
 |  Permission to use, copy, modify, and/or distribute this software for any  |
 |  purpose with or without fee is hereby granted, provided that the above    |
 |  copyright notice and this permission notice appear in all copies.         |
 |                                                                            |
 |  THE SOFTWARE IS PROVIDED "AS IS" AND THE AUTHOR DISCLAIMS ALL WARRANTIES  |
 |  WITH REGARD TO THIS SOFTWARE INCLUDING ALL IMPLIED WARRANTIES OF          |
 |  MERCHANTABILITY AND FITNESS. IN NO EVENT SHALL THE AUTHOR BE LIABLE FOR   |
 |  ANY SPECIAL, DIRECT, INDIRECT, OR CONSEQUENTIAL DAMAGES OR ANY DAMAGES    |
 |  WHATSOEVER RESULTING FROM LOSS OF USE, DATA OR PROFITS, WHETHER IN AN     |
 |  ACTION OF CONTRACT, NEGLIGENCE OR OTHER TORTIOUS ACTION, ARISING OUT OF   |
 |  OR IN CONNECTION WITH THE USE OR PERFORMANCE OF THIS SOFTWARE.            |
 |                                                                            |
 \----------------------------------------------------------------------------/

 Yosys 0.34+14 (git sha1 11b9deba9, clang 10.0.0-4ubuntu1 -fPIC -Os)


-- Executing script file `trace.ys' --

1. Executing RTLIL frontend.
Input filename: ../model/design_prep.il

2. Executing SIM pass (simulate the circuit).
Simulating cycle 1.
Simulating cycle 2.
Simulating cycle 3.
Simulating cycle 4.
Simulating cycle 5.
Simulating cycle 6.
Simulating cycle 7.
Simulating cycle 8.
Simulating cycle 9.
Simulating cycle 10.
Simulating cycle 11.
Simulating cycle 12.
Simulating cycle 13.
Simulating cycle 14.
Simulating cycle 15.
Simulating cycle 16.
Simulating cycle 17.
Simulating cycle 18.
Simulating cycle 19.
Warning: Assert sar_tb_working.bmc_range_for (sar_adc_ideal_conv.sv:121.5-121.72) failed.

Warnings: 1 unique messages, 1 total
End of script. Logfile hash: 5f125acf1c, CPU: user 0.03s system 0.01s, MEM: 11.02 MB peak
Yosys 0.34+14 (git sha1 11b9deba9, clang 10.0.0-4ubuntu1 -fPIC -Os)
Time spent: 86% 1x sim (0 sec), 13% 2x read_rtlil (0 sec)
